#
# A fatal error has been detected by the Java Runtime Environment:
#
#  SIGSEGV (0xb) at pc=0x000000012a161cdd, pid=77547, tid=0x0000000000013107
#
# JRE version: Java(TM) SE Runtime Environment (8.0_111-b14) (build 1.8.0_111-b14)
# Java VM: Java HotSpot(TM) 64-Bit Server VM (25.111-b14 mixed mode bsd-amd64 compressed oops)
# Problematic frame:
# C  [libawt_lwawt.dylib+0x1acdd]  OGLSD_SetScratchSurface+0x49
#
# Failed to write core dump. Core dumps have been disabled. To enable core dumping, try "ulimit -c unlimited" before starting Java again
#
# If you would like to submit a bug report, please visit:
#   http://bugreport.java.com/bugreport/crash.jsp
# The crash happened outside the Java Virtual Machine in native code.
# See problematic frame for where to report the bug.
#

---------------  T H R E A D  ---------------

Current thread (0x00007f9a81989000):  JavaThread "Java2D Queue Flusher" daemon [_thread_in_native, id=78087, stack(0x000070000b078000,0x000070000b178000)]

siginfo: si_signo: 11 (SIGSEGV), si_code: 1 (SEGV_MAPERR), si_addr: 0x0000000000000002

Registers:
RAX=0x00000000ffffffff, RBX=0x0000000000000002, RCX=0x0000000000000047, RDX=0x000000012a182844
RSP=0x000070000b1777e0, RBP=0x000070000b177800, RSI=0x00007f9a814c63c0, RDI=0x00007f9a819891f8
R8 =0x0000000000000020, R9 =0xffffffff00000000, R10=0x000000010eb76cb8, R11=0x0000000000000020
R12=0x0000000000000000, R13=0x00000001274f7ff0, R14=0x00007f9a819891f8, R15=0x00007f9a81989000
RIP=0x000000012a161cdd, EFLAGS=0x0000000000010202, ERR=0x0000000000000004
  TRAPNO=0x000000000000000e

Top of Stack: (sp=0x000070000b1777e0)
0x000070000b1777e0:   00007f9a814c63c0 0000000000000000
0x000070000b1777f0:   00007f9a82131a10 00007f9a81989000
0x000070000b177800:   000070000b177880 000000012a182322
0x000070000b177810:   0000000000000064 00007f9a81506778
0x000070000b177820:   000070000b177880 000000010dca9a48
0x000070000b177830:   0000000000000005 00007f9a81989000
0x000070000b177840:   00000006c0111d01 00007f9a82131a20
0x000070000b177850:   0000700000177800 00007f9a819891f8
0x000070000b177860:   00000000d8022af4 0000000000000000
0x000070000b177870:   000070000b177810 00007f9a81989000
0x000070000b177880:   000070000b1778d0 000000010eb76d2a
0x000070000b177890:   00000006c0111d00 0000000100000000
0x000070000b1778a0:   0000000126e538c8 0000000163bf3298
0x000070000b1778b0:   000000010e17c370 000000010ef1ef98
0x000070000b1778c0:   00000006c0115878 0000000000000246
0x000070000b1778d0:   00000000d80223a0 000000010f6f3e0c
0x000070000b1778e0:   00000006c0111d00 0000000000000000
0x000070000b1778f0:   00000006c0111dd8 0000000700000020
0x000070000b177900:   000000010000051c 000070000b177960
0x000070000b177910:   00000006c0111dd8 00000006c0111f50
0x000070000b177920:   00000006c0111f54 00000006c0111f58
0x000070000b177930:   00000006c0111f5c 000070000b1779d0
0x000070000b177940:   0000000000000001 0000000000000000
0x000070000b177950:   000070000b1779d0 000000010e8fc7a7
0x000070000b177960:   00000006c0115878 00000006c0133c38
0x000070000b177970:   0000000100001fa0 000000000000000a
0x000070000b177980:   00007f9a81989000 0000000000000001
0x000070000b177990:   000000010e8fc71f 00000001274f25e0
0x000070000b1779a0:   000070000b177a68 000070000b177d00
0x000070000b1779b0:   000000010000000a 00000001274f25e0
0x000070000b1779c0:   000000010e9151c0 000070000b177c70
0x000070000b1779d0:   000070000b177b80 000000010dc47f8a 

Instructions: (pc=0x000000012a161cdd)
0x000000012a161cbd:   c0 e9 82 00 00 00 48 8b 5e 10 48 85 db 75 0e bf
0x000000012a161ccd:   01 00 00 00 48 8d 15 ef 76 03 00 eb d6 49 89 fe
0x000000012a161cdd:   4c 8b 3b 30 c0 e8 83 a3 02 00 49 8b 3f 49 89 c4
0x000000012a161ced:   48 8b 35 34 f9 05 00 30 c0 e8 cb a4 02 00 48 85 

Register to memory mapping:

RAX=0x00000000ffffffff is an unknown value
RBX=0x0000000000000002 is an unknown value
RCX=0x0000000000000047 is an unknown value
RDX=0x000000012a182844: Java_sun_java2d_opengl_OGLRenderQueue_flushBuffer+0xb5c in /Applications/Greenfoot.app/Contents/JDK/Home/jre/lib/libawt_lwawt.dylib at 0x000000012a147000
RSP=0x000070000b1777e0 is pointing into the stack for thread: 0x00007f9a81989000
RBP=0x000070000b177800 is pointing into the stack for thread: 0x00007f9a81989000
RSI=0x00007f9a814c63c0 is an unknown value
RDI=0x00007f9a819891f8 is an unknown value
R8 =0x0000000000000020 is an unknown value
R9 =0xffffffff00000000 is an unknown value
R10=0x000000010eb76cb8 is at entry_point+56 in (nmethod*)0x000000010eb76b10
R11=0x0000000000000020 is an unknown value
R12=0x0000000000000000 is an unknown value
R13={method} {0x00000001274f7ff0} 'initFBObject' '(JZZZII)Z' in 'sun/java2d/opengl/OGLSurfaceData'
R14=0x00007f9a819891f8 is an unknown value
R15=0x00007f9a81989000 is a thread


Stack: [0x000070000b078000,0x000070000b178000],  sp=0x000070000b1777e0,  free space=1021k
Native frames: (J=compiled Java code, j=interpreted, Vv=VM code, C=native code)
C  [libawt_lwawt.dylib+0x1acdd]  OGLSD_SetScratchSurface+0x49
C  [libawt_lwawt.dylib+0x3b322]  Java_sun_java2d_opengl_OGLRenderQueue_flushBuffer+0x63a
J 2324  sun.java2d.opengl.OGLRenderQueue.flushBuffer(JI)V (0 bytes) @ 0x000000010eb76d2a [0x000000010eb76c80+0xaa]
J 6412% C2 sun.java2d.opengl.OGLRenderQueue$QueueFlusher.run()V (234 bytes) @ 0x000000010f6f3e0c [0x000000010f6f3b60+0x2ac]
v  ~StubRoutines::call_stub
V  [libjvm.dylib+0x2ecf8a]  JavaCalls::call_helper(JavaValue*, methodHandle*, JavaCallArguments*, Thread*)+0x6ae
V  [libjvm.dylib+0x2ed718]  JavaCalls::call_virtual(JavaValue*, KlassHandle, Symbol*, Symbol*, JavaCallArguments*, Thread*)+0x164
V  [libjvm.dylib+0x2ed8c4]  JavaCalls::call_virtual(JavaValue*, Handle, KlassHandle, Symbol*, Symbol*, Thread*)+0x4a
V  [libjvm.dylib+0x348039]  thread_entry(JavaThread*, Thread*)+0x7c
V  [libjvm.dylib+0x56a27b]  JavaThread::thread_main_inner()+0x9b
V  [libjvm.dylib+0x56b968]  JavaThread::run()+0x1c2
V  [libjvm.dylib+0x489b0a]  java_start(Thread*)+0xf6
C  [libsystem_pthread.dylib+0x3661]  _pthread_body+0x154
C  [libsystem_pthread.dylib+0x350d]  _pthread_body+0x0
C  [libsystem_pthread.dylib+0x2bf9]  thread_start+0xd
C  0x0000000000000000

Java frames: (J=compiled Java code, j=interpreted, Vv=VM code)
J 2324  sun.java2d.opengl.OGLRenderQueue.flushBuffer(JI)V (0 bytes) @ 0x000000010eb76cb8 [0x000000010eb76c80+0x38]
J 6412% C2 sun.java2d.opengl.OGLRenderQueue$QueueFlusher.run()V (234 bytes) @ 0x000000010f6f3e0c [0x000000010f6f3b60+0x2ac]
v  ~StubRoutines::call_stub

---------------  P R O C E S S  ---------------

Java Threads: ( => current thread )
  0x00007f9a8b003000 JavaThread "Thread-285" daemon [_thread_in_native, id=55079, stack(0x000070000abe6000,0x000070000ac66000)]
  0x00007f9a82c73000 JavaThread "Thread-284" daemon [_thread_in_native, id=71715, stack(0x000070000abe6000,0x000070000ac66000)]
  0x00007f9a8d79b800 JavaThread "Thread-283" daemon [_thread_in_native, id=71711, stack(0x000070000ad6c000,0x000070000adec000)]
  0x00007f9a82e7b000 JavaThread "Thread-282" daemon [_thread_in_native, id=71707, stack(0x000070000ad6c000,0x000070000adec000)]
  0x00007f9a8b00b800 JavaThread "Thread-281" daemon [_thread_in_native, id=71703, stack(0x000070000ad6c000,0x000070000adec000)]
  0x00007f9a8d658800 JavaThread "Thread-280" daemon [_thread_in_native, id=55059, stack(0x000070000ad6c000,0x000070000adec000)]
  0x00007f9a8c2cc000 JavaThread "Thread-279" daemon [_thread_in_native, id=55055, stack(0x000070000ad6c000,0x000070000adec000)]
  0x00007f9a81ae7800 JavaThread "Thread-278" daemon [_thread_in_native, id=71691, stack(0x000070000ad6c000,0x000070000adec000)]
  0x00007f9a8c0d1800 JavaThread "Thread-277" daemon [_thread_in_native, id=71687, stack(0x000070000b890000,0x000070000b910000)]
  0x00007f9a81bac000 JavaThread "TimerQueue" daemon [_thread_blocked, id=68903, stack(0x000070000bfa8000,0x000070000c0a8000)]
  0x00007f9a82c89000 JavaThread "Thread-8" daemon [_thread_blocked, id=56331, stack(0x000070000be22000,0x000070000bf22000)]
  0x00007f9a8311d000 JavaThread "main" [_thread_blocked, id=79115, stack(0x000070000b484000,0x000070000b584000)]
  0x00007f9a81b88000 JavaThread "SimulationThread" [_thread_blocked, id=71427, stack(0x000070000bd1f000,0x000070000be1f000)]
  0x00007f9a82c2e000 JavaThread "Thread-6" daemon [_thread_in_native, id=55043, stack(0x000070000bb99000,0x000070000bc19000)]
  0x00007f9a81b25800 JavaThread "Thread-5" daemon [_thread_blocked, id=53763, stack(0x000070000ba96000,0x000070000bb96000)]
  0x00007f9a81aeb000 JavaThread "QuantumRenderer-0" daemon [_thread_blocked, id=79371, stack(0x000070000b381000,0x000070000b481000)]
  0x00007f9a81afd000 JavaThread "AWT-EventQueue-0" [_thread_blocked, id=73475, stack(0x000070000b993000,0x000070000ba93000)]
  0x00007f9a82bd7800 JavaThread "RMI Reaper" [_thread_blocked, id=74243, stack(0x000070000b78d000,0x000070000b88d000)]
  0x00007f9a82acb000 JavaThread "RMI TCP Accept-0" daemon [_thread_in_native, id=74499, stack(0x000070000b68a000,0x000070000b78a000)]
  0x00007f9a82bfc000 JavaThread "Java2D Disposer" daemon [_thread_blocked, id=74767, stack(0x000070000b587000,0x000070000b687000)]
=>0x00007f9a81989000 JavaThread "Java2D Queue Flusher" daemon [_thread_in_native, id=78087, stack(0x000070000b078000,0x000070000b178000)]
  0x00007f9a830e1800 JavaThread "GC Daemon" daemon [_thread_blocked, id=79883, stack(0x000070000b27e000,0x000070000b37e000)]
  0x00007f9a820f6800 JavaThread "RMI RenewClean-[127.0.0.1:58814]" daemon [_thread_blocked, id=50951, stack(0x000070000b17b000,0x000070000b27b000)]
  0x00007f9a81a73000 JavaThread "RMI Scheduler(0)" daemon [_thread_blocked, id=85515, stack(0x000070000ae72000,0x000070000af72000)]
  0x00007f9a8309d000 JavaThread "DestroyJavaVM" [_thread_blocked, id=6147, stack(0x0000700009ab3000,0x0000700009bb3000)]
  0x00007f9a8198a800 JavaThread "BlueJ worker thread" [_thread_blocked, id=80643, stack(0x000070000af75000,0x000070000b075000)]
  0x00007f9a83095800 JavaThread "AWT-Shutdown" [_thread_blocked, id=39467, stack(0x000070000ac69000,0x000070000ad69000)]
  0x00007f9a8293f000 JavaThread "JavaFX Application Thread" daemon [_thread_in_native, id=775, stack(0x00007ffee2bbf000,0x00007ffee33bf000)]
  0x00007f9a82882800 JavaThread "Service Thread" daemon [_thread_blocked, id=17923, stack(0x000070000a9e0000,0x000070000aae0000)]
  0x00007f9a83008000 JavaThread "C1 CompilerThread2" daemon [_thread_blocked, id=18179, stack(0x000070000a8dd000,0x000070000a9dd000)]
  0x00007f9a82881800 JavaThread "C2 CompilerThread1" daemon [_thread_blocked, id=18435, stack(0x000070000a7da000,0x000070000a8da000)]
  0x00007f9a83007800 JavaThread "C2 CompilerThread0" daemon [_thread_blocked, id=18691, stack(0x000070000a6d7000,0x000070000a7d7000)]
  0x00007f9a83006800 JavaThread "JDWP Command Reader" daemon [_thread_in_native, id=15107, stack(0x000070000a5d4000,0x000070000a6d4000)]
  0x00007f9a82881000 JavaThread "JDWP Event Helper Thread" daemon [_thread_blocked, id=14851, stack(0x000070000a4d1000,0x000070000a5d1000)]
  0x00007f9a83006000 JavaThread "JDWP Transport Listener: dt_socket" daemon [_thread_blocked, id=19207, stack(0x000070000a3ce000,0x000070000a4ce000)]
  0x00007f9a8287f000 JavaThread "Signal Dispatcher" daemon [_thread_blocked, id=14347, stack(0x000070000a2cb000,0x000070000a3cb000)]
  0x00007f9a82865000 JavaThread "Finalizer" daemon [_thread_blocked, id=20739, stack(0x000070000a1c8000,0x000070000a2c8000)]
  0x00007f9a82862000 JavaThread "Reference Handler" daemon [_thread_blocked, id=11779, stack(0x000070000a0c5000,0x000070000a1c5000)]

Other Threads:
  0x00007f9a8285d800 VMThread [stack: 0x0000700009fc2000,0x000070000a0c2000] [id=20995]
  0x00007f9a81816000 WatcherThread [stack: 0x000070000aae3000,0x000070000abe3000] [id=16387]

VM state:not at safepoint (normal execution)

VM Mutex/Monitor currently owned by a thread: None

Heap:
 PSYoungGen      total 70144K, used 0K [0x000000076ab00000, 0x000000076fe80000, 0x00000007c0000000)
  eden space 55296K, 0% used [0x000000076ab00000,0x000000076ab00020,0x000000076e100000)
  from space 14848K, 0% used [0x000000076e100000,0x000000076e100000,0x000000076ef80000)
  to   space 14336K, 0% used [0x000000076f080000,0x000000076f080000,0x000000076fe80000)
 ParOldGen       total 175104K, used 12162K [0x00000006c0000000, 0x00000006cab00000, 0x000000076ab00000)
  object space 175104K, 6% used [0x00000006c0000000,0x00000006c0be0b48,0x00000006cab00000)
 Metaspace       used 25805K, capacity 26502K, committed 27392K, reserved 1073152K
  class space    used 3131K, capacity 3312K, committed 3584K, reserved 1048576K

Card table byte_map: [0x000000011d8fc000,0x000000011e0fd000] byte_map_base: 0x000000011a2fc000

Marking Bits: (ParMarkBitMap*) 0x000000010e24ad20
 Begin Bits: [0x000000011e653000, 0x0000000122653000)
 End Bits:   [0x0000000122653000, 0x0000000126653000)

Polling page: 0x000000010c8bd000

CodeCache: size=245760Kb used=18335Kb max_used=18485Kb free=227424Kb
 bounds [0x000000010e8fc000, 0x000000010fb5c000, 0x000000011d8fc000]
 total_blobs=5602 nmethods=4920 adapters=601
 compilation: enabled

Compilation events (10 events):
Event: 9747.727 Thread 0x00007f9a83008000 6417   !   3       java.util.concurrent.ThreadPoolExecutor::getTask (179 bytes)
Event: 9747.728 Thread 0x00007f9a83008000 nmethod 6417 0x000000010f6f1d10 code [0x000000010f6f1f60, 0x000000010f6f3158]
Event: 9903.391 Thread 0x00007f9a83008000 6418       3       java.net.InetAddress::<init> (21 bytes)
Event: 9903.393 Thread 0x00007f9a83008000 nmethod 6418 0x000000010eca3b90 code [0x000000010eca3d00, 0x000000010eca3ff0]
Event: 9903.395 Thread 0x00007f9a83008000 6419       3       java.net.InetAddress$InetAddressHolder::<init> (5 bytes)
Event: 9903.395 Thread 0x00007f9a83008000 nmethod 6419 0x000000010eff7310 code [0x000000010eff7480, 0x000000010eff7630]
Event: 9903.396 Thread 0x00007f9a83008000 6420       3       java.util.concurrent.ThreadPoolExecutor$Worker::lock (6 bytes)
Event: 9903.397 Thread 0x00007f9a83008000 nmethod 6420 0x000000010f01f050 code [0x000000010f01f200, 0x000000010f01f988]
Event: 9918.401 Thread 0x00007f9a83008000 6421       3       java.util.concurrent.ThreadPoolExecutor::afterExecute (1 bytes)
Event: 9918.402 Thread 0x00007f9a83008000 nmethod 6421 0x000000010eca3890 code [0x000000010eca39e0, 0x000000010eca3b30]

GC Heap History (10 events):
Event: 3430.017 GC heap before
{Heap before GC invocations=308 (full 149):
 PSYoungGen      total 70144K, used 64K [0x000000076ab00000, 0x000000076fc80000, 0x00000007c0000000)
  eden space 56320K, 0% used [0x000000076ab00000,0x000000076ab00000,0x000000076e200000)
  from space 13824K, 0% used [0x000000076e200000,0x000000076e210000,0x000000076ef80000)
  to   space 13312K, 0% used [0x000000076ef80000,0x000000076ef80000,0x000000076fc80000)
 ParOldGen       total 175104K, used 20334K [0x00000006c0000000, 0x00000006cab00000, 0x000000076ab00000)
  object space 175104K, 11% used [0x00000006c0000000,0x00000006c13dbae8,0x00000006cab00000)
 Metaspace       used 25829K, capacity 26582K, committed 27008K, reserved 1073152K
  class space    used 3139K, capacity 3314K, committed 3456K, reserved 1048576K
Event: 3430.041 GC heap after
Heap after GC invocations=308 (full 149):
 PSYoungGen      total 70144K, used 0K [0x000000076ab00000, 0x000000076fc80000, 0x00000007c0000000)
  eden space 56320K, 0% used [0x000000076ab00000,0x000000076ab00000,0x000000076e200000)
  from space 13824K, 0% used [0x000000076e200000,0x000000076e200000,0x000000076ef80000)
  to   space 13312K, 0% used [0x000000076ef80000,0x000000076ef80000,0x000000076fc80000)
 ParOldGen       total 175104K, used 20314K [0x00000006c0000000, 0x00000006cab00000, 0x000000076ab00000)
  object space 175104K, 11% used [0x00000006c0000000,0x00000006c13d68c0,0x00000006cab00000)
 Metaspace       used 25829K, capacity 26582K, committed 27008K, reserved 1073152K
  class space    used 3139K, capacity 3314K, committed 3456K, reserved 1048576K
}
Event: 7030.043 GC heap before
{Heap before GC invocations=309 (full 149):
 PSYoungGen      total 70144K, used 35158K [0x000000076ab00000, 0x000000076fc80000, 0x00000007c0000000)
  eden space 56320K, 62% used [0x000000076ab00000,0x000000076cd55a40,0x000000076e200000)
  from space 13824K, 0% used [0x000000076e200000,0x000000076e200000,0x000000076ef80000)
  to   space 13312K, 0% used [0x000000076ef80000,0x000000076ef80000,0x000000076fc80000)
 ParOldGen       total 175104K, used 20314K [0x00000006c0000000, 0x00000006cab00000, 0x000000076ab00000)
  object space 175104K, 11% used [0x00000006c0000000,0x00000006c13d68c0,0x00000006cab00000)
 Metaspace       used 25888K, capacity 26678K, committed 27392K, reserved 1073152K
  class space    used 3149K, capacity 3346K, committed 3584K, reserved 1048576K
Event: 7030.064 GC heap after
Heap after GC invocations=309 (full 149):
 PSYoungGen      total 68608K, used 9802K [0x000000076ab00000, 0x000000076ff80000, 0x00000007c0000000)
  eden space 55296K, 0% used [0x000000076ab00000,0x000000076ab00000,0x000000076e100000)
  from space 13312K, 73% used [0x000000076ef80000,0x000000076f912a10,0x000000076fc80000)
  to   space 14848K, 0% used [0x000000076e100000,0x000000076e100000,0x000000076ef80000)
 ParOldGen       total 175104K, used 20322K [0x00000006c0000000, 0x00000006cab00000, 0x000000076ab00000)
  object space 175104K, 11% used [0x00000006c0000000,0x00000006c13d88c0,0x00000006cab00000)
 Metaspace       used 25888K, capacity 26678K, committed 27392K, reserved 1073152K
  class space    used 3149K, capacity 3346K, committed 3584K, reserved 1048576K
}
Event: 7030.064 GC heap before
{Heap before GC invocations=310 (full 150):
 PSYoungGen      total 68608K, used 9802K [0x000000076ab00000, 0x000000076ff80000, 0x00000007c0000000)
  eden space 55296K, 0% used [0x000000076ab00000,0x000000076ab00000,0x000000076e100000)
  from space 13312K, 73% used [0x000000076ef80000,0x000000076f912a10,0x000000076fc80000)
  to   space 14848K, 0% used [0x000000076e100000,0x000000076e100000,0x000000076ef80000)
 ParOldGen       total 175104K, used 20322K [0x00000006c0000000, 0x00000006cab00000, 0x000000076ab00000)
  object space 175104K, 11% used [0x00000006c0000000,0x00000006c13d88c0,0x00000006cab00000)
 Metaspace       used 25888K, capacity 26678K, committed 27392K, reserved 1073152K
  class space    used 3149K, capacity 3346K, committed 3584K, reserved 1048576K
Event: 7030.187 GC heap after
Heap after GC invocations=310 (full 150):
 PSYoungGen      total 68608K, used 0K [0x000000076ab00000, 0x000000076ff80000, 0x00000007c0000000)
  eden space 55296K, 0% used [0x000000076ab00000,0x000000076ab00000,0x000000076e100000)
  from space 13312K, 0% used [0x000000076ef80000,0x000000076ef80000,0x000000076fc80000)
  to   space 14848K, 0% used [0x000000076e100000,0x000000076e100000,0x000000076ef80000)
 ParOldGen       total 175104K, used 19750K [0x00000006c0000000, 0x00000006cab00000, 0x000000076ab00000)
  object space 175104K, 11% used [0x00000006c0000000,0x00000006c1349b30,0x00000006cab00000)
 Metaspace       used 25792K, capacity 26526K, committed 27392K, reserved 1073152K
  class space    used 3132K, capacity 3316K, committed 3584K, reserved 1048576K
}
Event: 10630.192 GC heap before
{Heap before GC invocations=311 (full 150):
 PSYoungGen      total 68608K, used 49149K [0x000000076ab00000, 0x000000076ff80000, 0x00000007c0000000)
  eden space 55296K, 88% used [0x000000076ab00000,0x000000076daff400,0x000000076e100000)
  from space 13312K, 0% used [0x000000076ef80000,0x000000076ef80000,0x000000076fc80000)
  to   space 14848K, 0% used [0x000000076e100000,0x000000076e100000,0x000000076ef80000)
 ParOldGen       total 175104K, used 19750K [0x00000006c0000000, 0x00000006cab00000, 0x000000076ab00000)
  object space 175104K, 11% used [0x00000006c0000000,0x00000006c1349b30,0x00000006cab00000)
 Metaspace       used 25821K, capacity 26526K, committed 27392K, reserved 1073152K
  class space    used 3133K, capacity 3316K, committed 3584K, reserved 1048576K
Event: 10630.195 GC heap after
Heap after GC invocations=311 (full 150):
 PSYoungGen      total 70144K, used 160K [0x000000076ab00000, 0x000000076fe80000, 0x00000007c0000000)
  eden space 55296K, 0% used [0x000000076ab00000,0x000000076ab00000,0x000000076e100000)
  from space 14848K, 1% used [0x000000076e100000,0x000000076e128000,0x000000076ef80000)
  to   space 14336K, 0% used [0x000000076f080000,0x000000076f080000,0x000000076fe80000)
 ParOldGen       total 175104K, used 19758K [0x00000006c0000000, 0x00000006cab00000, 0x000000076ab00000)
  object space 175104K, 11% used [0x00000006c0000000,0x00000006c134bb30,0x00000006cab00000)
 Metaspace       used 25821K, capacity 26526K, committed 27392K, reserved 1073152K
  class space    used 3133K, capacity 3316K, committed 3584K, reserved 1048576K
}
Event: 10630.195 GC heap before
{Heap before GC invocations=312 (full 151):
 PSYoungGen      total 70144K, used 160K [0x000000076ab00000, 0x000000076fe80000, 0x00000007c0000000)
  eden space 55296K, 0% used [0x000000076ab00000,0x000000076ab00000,0x000000076e100000)
  from space 14848K, 1% used [0x000000076e100000,0x000000076e128000,0x000000076ef80000)
  to   space 14336K, 0% used [0x000000076f080000,0x000000076f080000,0x000000076fe80000)
 ParOldGen       total 175104K, used 19758K [0x00000006c0000000, 0x00000006cab00000, 0x000000076ab00000)
  object space 175104K, 11% used [0x00000006c0000000,0x00000006c134bb30,0x00000006cab00000)
 Metaspace       used 25821K, capacity 26526K, committed 27392K, reserved 1073152K
  class space    used 3133K, capacity 3316K, committed 3584K, reserved 1048576K
Event: 10630.262 GC heap after
Heap after GC invocations=312 (full 151):
 PSYoungGen      total 70144K, used 0K [0x000000076ab00000, 0x000000076fe80000, 0x00000007c0000000)
  eden space 55296K, 0% used [0x000000076ab00000,0x000000076ab00000,0x000000076e100000)
  from space 14848K, 0% used [0x000000076e100000,0x000000076e100000,0x000000076ef80000)
  to   space 14336K, 0% used [0x000000076f080000,0x000000076f080000,0x000000076fe80000)
 ParOldGen       total 175104K, used 12162K [0x00000006c0000000, 0x00000006cab00000, 0x000000076ab00000)
  object space 175104K, 6% used [0x00000006c0000000,0x00000006c0be0b48,0x00000006cab00000)
 Metaspace       used 25805K, capacity 26502K, committed 27392K, reserved 1073152K
  class space    used 3131K, capacity 3312K, committed 3584K, reserved 1048576K
}

Deoptimization events (10 events):
Event: 7030.198 Thread 0x00007f9a82bfc000 Uncommon trap: reason=unstable_if action=reinterpret pc=0x000000010ed69098 method=sun.java2d.Disposer.clearDeferredRecords()V @ 3
Event: 8711.428 Thread 0x00007f9a81989000 Uncommon trap: reason=class_check action=maybe_recompile pc=0x000000010fa2ea74 method=sun.java2d.opengl.OGLRenderQueue$QueueFlusher.run()V @ 95
Event: 8711.470 Thread 0x00007f9a8293f000 Uncommon trap: reason=null_check action=make_not_entrant pc=0x000000010f05d9e8 method=java.awt.geom.AffineTransform.equals(Ljava/lang/Object;)Z @ 1
Event: 8711.568 Thread 0x00007f9a81afd000 Uncommon trap: reason=unstable_if action=reinterpret pc=0x000000010f07f3c0 method=sun.java2d.SunGraphics2D.getCompClip()Lsun/java2d/pipe/Region; @ 7
Event: 8711.571 Thread 0x00007f9a81afd000 Uncommon trap: reason=class_check action=maybe_recompile pc=0x000000010f79fd0c method=sun.java2d.pipe.ValidatePipe.fill(Lsun/java2d/SunGraphics2D;Ljava/awt/Shape;)V @ 14
Event: 8711.819 Thread 0x00007f9a81afd000 Uncommon trap: reason=class_check action=maybe_recompile pc=0x000000010ea24248 method=sun.java2d.pipe.ValidatePipe.scaleImage(Lsun/java2d/SunGraphics2D;Ljava/awt/Image;IIIIIIIILjava/awt/Color;Ljava/awt/image/ImageObserver;)Z @ 33
Event: 9041.986 Thread 0x00007f9a81989000 Uncommon trap: reason=class_check action=maybe_recompile pc=0x000000010fa2ea74 method=sun.java2d.opengl.OGLRenderQueue$QueueFlusher.run()V @ 95
Event: 9042.158 Thread 0x00007f9a81afd000 Uncommon trap: reason=unstable_if action=reinterpret pc=0x000000010f8cf21c method=sun.java2d.SunGraphics2D.getCompClip()Lsun/java2d/pipe/Region; @ 7
Event: 9042.402 Thread 0x00007f9a81afd000 Uncommon trap: reason=class_check action=maybe_recompile pc=0x000000010ea24248 method=sun.java2d.pipe.ValidatePipe.scaleImage(Lsun/java2d/SunGraphics2D;Ljava/awt/Image;IIIIIIIILjava/awt/Color;Ljava/awt/image/ImageObserver;)Z @ 33
Event: 9179.325 Thread 0x00007f9a81989000 Uncommon trap: reason=class_check action=maybe_recompile pc=0x000000010fa2ea74 method=sun.java2d.opengl.OGLRenderQueue$QueueFlusher.run()V @ 95

Internal exceptions (10 events):
Event: 2125.720 Thread 0x00007f9a81afd000 Implicit null exception at 0x000000010f39a1fc to 0x000000010f39c059
Event: 2125.722 Thread 0x00007f9a81afd000 Implicit null exception at 0x000000010f046df2 to 0x000000010f047bb5
Event: 2140.628 Thread 0x00007f9a81afd000 Exception <a 'java/lang/NoSuchMethodError': java.lang.Object.lambda$comparingInt$7b0bb60$1(Ljava/util/function/ToIntFunction;Ljava/lang/Object;Ljava/lang/Object;)I> (0x000000076abd4138) thrown at [/Users/java_re/workspace/8-2-build-macosx-x86_64/jdk8u111/
Event: 2140.689 Thread 0x00007f9a81afd000 Exception <a 'java/lang/NullPointerException'> (0x000000076adf2a00) thrown at [/Users/java_re/workspace/8-2-build-macosx-x86_64/jdk8u111/7883/hotspot/src/share/vm/interpreter/linkResolver.cpp, line 1178]
Event: 2140.689 Thread 0x00007f9a81afd000 Exception <a 'java/lang/NullPointerException'> (0x000000076adf2a00) thrown at [/Users/java_re/workspace/8-2-build-macosx-x86_64/jdk8u111/7883/hotspot/src/share/vm/prims/jvm.cpp, line 1390]
Event: 3406.941 Thread 0x00007f9a81b88000 Exception <a 'java/lang/InterruptedException': sleep interrupted> (0x000000076ac8d620) thrown at [/Users/java_re/workspace/8-2-build-macosx-x86_64/jdk8u111/7883/hotspot/src/share/vm/prims/jvm.cpp, line 3224]
Event: 3429.904 Thread 0x00007f9a81b88000 Exception <a 'java/lang/InterruptedException': sleep interrupted> (0x000000076ad6c278) thrown at [/Users/java_re/workspace/8-2-build-macosx-x86_64/jdk8u111/7883/hotspot/src/share/vm/prims/jvm.cpp, line 3224]
Event: 3946.972 Thread 0x00007f9a8c0d1800 Implicit null exception at 0x000000010eb4da80 to 0x000000010eb4e47d
Event: 3947.805 Thread 0x00007f9a8293f000 Implicit null exception at 0x000000010f977c6b to 0x000000010f97ad89
Event: 8711.470 Thread 0x00007f9a8293f000 Implicit null exception at 0x000000010f05d8cc to 0x000000010f05d9d9

Events (10 events):
Event: 10630.263 Executing VM operation: RevokeBias
Event: 10630.263 Executing VM operation: RevokeBias done
Event: 10630.263 Executing VM operation: RevokeBias
Event: 10630.263 Executing VM operation: RevokeBias done
Event: 10630.263 Executing VM operation: RevokeBias
Event: 10630.263 Executing VM operation: RevokeBias done
Event: 10630.263 Executing VM operation: RevokeBias
Event: 10630.263 Executing VM operation: RevokeBias done
Event: 10630.264 Executing VM operation: BulkRevokeBias
Event: 10630.264 Executing VM operation: BulkRevokeBias done


Dynamic libraries:
0x0000000012f1d000 	/System/Library/Frameworks/Cocoa.framework/Versions/A/Cocoa
0x0000000012f1d000 	/System/Library/Frameworks/Security.framework/Versions/A/Security
0x0000000012f1d000 	/System/Library/Frameworks/ApplicationServices.framework/Versions/A/ApplicationServices
0x0000000012f1d000 	/usr/lib/libz.1.dylib
0x0000000012f1d000 	/usr/lib/libSystem.B.dylib
0x0000000012f1d000 	/usr/lib/libobjc.A.dylib
0x0000000012f1d000 	/System/Library/Frameworks/CoreFoundation.framework/Versions/A/CoreFoundation
0x0000000012f1d000 	/System/Library/Frameworks/Foundation.framework/Versions/C/Foundation
0x0000000012f1d000 	/System/Library/Frameworks/AppKit.framework/Versions/C/AppKit
0x0000000012f1d000 	/System/Library/Frameworks/CoreData.framework/Versions/A/CoreData
0x0000000012f1d000 	/System/Library/PrivateFrameworks/RemoteViewServices.framework/Versions/A/RemoteViewServices
0x0000000012f1d000 	/System/Library/PrivateFrameworks/UIFoundation.framework/Versions/A/UIFoundation
0x0000000012f1d000 	/System/Library/PrivateFrameworks/DFRFoundation.framework/Versions/A/DFRFoundation
0x0000000012f1d000 	/System/Library/Frameworks/Metal.framework/Versions/A/Metal
0x0000000012f1d000 	/System/Library/PrivateFrameworks/DesktopServicesPriv.framework/Versions/A/DesktopServicesPriv
0x0000000012f1d000 	/usr/lib/libenergytrace.dylib
0x0000000012f1d000 	/System/Library/PrivateFrameworks/SkyLight.framework/Versions/A/SkyLight
0x0000000012f1d000 	/System/Library/Frameworks/CoreGraphics.framework/Versions/A/CoreGraphics
0x0000000012f1d000 	/usr/lib/libScreenReader.dylib
0x0000000012f1d000 	/System/Library/Frameworks/Accelerate.framework/Versions/A/Accelerate
0x0000000012f1d000 	/System/Library/Frameworks/IOSurface.framework/Versions/A/IOSurface
0x0000000012f1d000 	/System/Library/Frameworks/AudioToolbox.framework/Versions/A/AudioToolbox
0x0000000012f1d000 	/System/Library/Frameworks/AudioUnit.framework/Versions/A/AudioUnit
0x0000000012f1d000 	/System/Library/PrivateFrameworks/DataDetectorsCore.framework/Versions/A/DataDetectorsCore
0x0000000012f1d000 	/System/Library/Frameworks/Carbon.framework/Versions/A/Frameworks/HIToolbox.framework/Versions/A/HIToolbox
0x0000000012f1d000 	/usr/lib/libicucore.A.dylib
0x0000000012f1d000 	/System/Library/Frameworks/QuartzCore.framework/Versions/A/QuartzCore
0x0000000012f1d000 	/System/Library/PrivateFrameworks/SignpostNotification.framework/Versions/A/SignpostNotification
0x0000000012f1d000 	/System/Library/Frameworks/Carbon.framework/Versions/A/Frameworks/SpeechRecognition.framework/Versions/A/SpeechRecognition
0x0000000012f1d000 	/usr/lib/libauto.dylib
0x0000000012f1d000 	/usr/lib/libxml2.2.dylib
0x0000000012f1d000 	/System/Library/PrivateFrameworks/CoreUI.framework/Versions/A/CoreUI
0x0000000012f1d000 	/System/Library/Frameworks/CoreAudio.framework/Versions/A/CoreAudio
0x0000000012f1d000 	/System/Library/Frameworks/DiskArbitration.framework/Versions/A/DiskArbitration
0x0000000012f1d000 	/usr/lib/liblangid.dylib
0x0000000012f1d000 	/System/Library/PrivateFrameworks/MultitouchSupport.framework/Versions/A/MultitouchSupport
0x0000000012f1d000 	/System/Library/Frameworks/IOKit.framework/Versions/A/IOKit
0x0000000012f1d000 	/usr/lib/libDiagnosticMessagesClient.dylib
0x0000000012f1d000 	/System/Library/Frameworks/CoreServices.framework/Versions/A/CoreServices
0x0000000012f1d000 	/System/Library/PrivateFrameworks/PerformanceAnalysis.framework/Versions/A/PerformanceAnalysis
0x0000000012f1d000 	/System/Library/Frameworks/OpenGL.framework/Versions/A/OpenGL
0x0000000012f1d000 	/System/Library/Frameworks/ColorSync.framework/Versions/A/ColorSync
0x0000000012f1d000 	/System/Library/Frameworks/CoreImage.framework/Versions/A/CoreImage
0x0000000012f1d000 	/System/Library/Frameworks/CoreText.framework/Versions/A/CoreText
0x0000000012f1d000 	/System/Library/Frameworks/ImageIO.framework/Versions/A/ImageIO
0x0000000012f1d000 	/System/Library/PrivateFrameworks/Backup.framework/Versions/A/Backup
0x0000000012f1d000 	/usr/lib/libarchive.2.dylib
0x0000000012f1d000 	/System/Library/Frameworks/CFNetwork.framework/Versions/A/CFNetwork
0x0000000012f1d000 	/System/Library/Frameworks/SystemConfiguration.framework/Versions/A/SystemConfiguration
0x0000000012f1d000 	/usr/lib/libCRFSuite.dylib
0x0000000012f1d000 	/usr/lib/libc++.1.dylib
0x0000000012f1d000 	/usr/lib/libc++abi.dylib
0x0000000012f1d000 	/usr/lib/system/libcache.dylib
0x0000000012f1d000 	/usr/lib/system/libcommonCrypto.dylib
0x0000000012f1d000 	/usr/lib/system/libcompiler_rt.dylib
0x0000000012f1d000 	/usr/lib/system/libcopyfile.dylib
0x0000000012f1d000 	/usr/lib/system/libcorecrypto.dylib
0x0000000012f1d000 	/usr/lib/system/libdispatch.dylib
0x0000000012f1d000 	/usr/lib/system/libdyld.dylib
0x0000000012f1d000 	/usr/lib/system/libkeymgr.dylib
0x0000000012f1d000 	/usr/lib/system/liblaunch.dylib
0x0000000012f1d000 	/usr/lib/system/libmacho.dylib
0x0000000012f1d000 	/usr/lib/system/libquarantine.dylib
0x0000000012f1d000 	/usr/lib/system/libremovefile.dylib
0x0000000012f1d000 	/usr/lib/system/libsystem_asl.dylib
0x0000000012f1d000 	/usr/lib/system/libsystem_blocks.dylib
0x0000000012f1d000 	/usr/lib/system/libsystem_c.dylib
0x0000000012f1d000 	/usr/lib/system/libsystem_configuration.dylib
0x0000000012f1d000 	/usr/lib/system/libsystem_coreservices.dylib
0x0000000012f1d000 	/usr/lib/system/libsystem_darwin.dylib
0x0000000012f1d000 	/usr/lib/system/libsystem_dnssd.dylib
0x0000000012f1d000 	/usr/lib/system/libsystem_info.dylib
0x0000000012f1d000 	/usr/lib/system/libsystem_m.dylib
0x0000000012f1d000 	/usr/lib/system/libsystem_malloc.dylib
0x0000000012f1d000 	/usr/lib/system/libsystem_network.dylib
0x0000000012f1d000 	/usr/lib/system/libsystem_networkextension.dylib
0x0000000012f1d000 	/usr/lib/system/libsystem_notify.dylib
0x0000000012f1d000 	/usr/lib/system/libsystem_sandbox.dylib
0x0000000012f1d000 	/usr/lib/system/libsystem_secinit.dylib
0x0000000012f1d000 	/usr/lib/system/libsystem_kernel.dylib
0x0000000012f1d000 	/usr/lib/system/libsystem_platform.dylib
0x0000000012f1d000 	/usr/lib/system/libsystem_pthread.dylib
0x0000000012f1d000 	/usr/lib/system/libsystem_symptoms.dylib
0x0000000012f1d000 	/usr/lib/system/libsystem_trace.dylib
0x0000000012f1d000 	/usr/lib/system/libunwind.dylib
0x0000000012f1d000 	/usr/lib/system/libxpc.dylib
0x0000000012f1d000 	/usr/lib/closure/libclosured.dylib
0x0000000012f1d000 	/usr/lib/libbsm.0.dylib
0x0000000012f1d000 	/usr/lib/system/libkxld.dylib
0x0000000012f1d000 	/usr/lib/libOpenScriptingUtil.dylib
0x0000000012f1d000 	/usr/lib/libcoretls.dylib
0x0000000012f1d000 	/usr/lib/libcoretls_cfhelpers.dylib
0x0000000012f1d000 	/usr/lib/libpam.2.dylib
0x0000000012f1d000 	/usr/lib/libsqlite3.dylib
0x0000000012f1d000 	/usr/lib/libxar.1.dylib
0x0000000012f1d000 	/usr/lib/libbz2.1.0.dylib
0x0000000012f1d000 	/usr/lib/liblzma.5.dylib
0x0000000012f1d000 	/usr/lib/libnetwork.dylib
0x0000000012f1d000 	/usr/lib/libapple_nghttp2.dylib
0x0000000012f1d000 	/usr/lib/libpcap.A.dylib
0x0000000012f1d000 	/usr/lib/libboringssl.dylib
0x0000000012f1d000 	/usr/lib/libusrtcp.dylib
0x0000000012f1d000 	/usr/lib/libapple_crypto.dylib
0x0000000012f1d000 	/System/Library/Frameworks/CoreServices.framework/Versions/A/Frameworks/FSEvents.framework/Versions/A/FSEvents
0x0000000012f1d000 	/System/Library/Frameworks/CoreServices.framework/Versions/A/Frameworks/CarbonCore.framework/Versions/A/CarbonCore
0x0000000012f1d000 	/System/Library/Frameworks/CoreServices.framework/Versions/A/Frameworks/Metadata.framework/Versions/A/Metadata
0x0000000012f1d000 	/System/Library/Frameworks/CoreServices.framework/Versions/A/Frameworks/OSServices.framework/Versions/A/OSServices
0x0000000012f1d000 	/System/Library/Frameworks/CoreServices.framework/Versions/A/Frameworks/SearchKit.framework/Versions/A/SearchKit
0x0000000012f1d000 	/System/Library/Frameworks/CoreServices.framework/Versions/A/Frameworks/AE.framework/Versions/A/AE
0x0000000012f1d000 	/System/Library/Frameworks/CoreServices.framework/Versions/A/Frameworks/LaunchServices.framework/Versions/A/LaunchServices
0x0000000012f1d000 	/System/Library/Frameworks/CoreServices.framework/Versions/A/Frameworks/DictionaryServices.framework/Versions/A/DictionaryServices
0x0000000012f1d000 	/System/Library/Frameworks/CoreServices.framework/Versions/A/Frameworks/SharedFileList.framework/Versions/A/SharedFileList
0x0000000012f1d000 	/System/Library/Frameworks/NetFS.framework/Versions/A/NetFS
0x0000000012f1d000 	/System/Library/PrivateFrameworks/NetAuth.framework/Versions/A/NetAuth
0x0000000012f1d000 	/System/Library/PrivateFrameworks/login.framework/Versions/A/Frameworks/loginsupport.framework/Versions/A/loginsupport
0x0000000012f1d000 	/System/Library/PrivateFrameworks/TCC.framework/Versions/A/TCC
0x0000000012f1d000 	/usr/lib/libmecabra.dylib
0x0000000012f1d000 	/System/Library/Frameworks/ApplicationServices.framework/Versions/A/Frameworks/ATS.framework/Versions/A/ATS
0x0000000012f1d000 	/System/Library/Frameworks/ApplicationServices.framework/Versions/A/Frameworks/ColorSyncLegacy.framework/Versions/A/ColorSyncLegacy
0x0000000012f1d000 	/System/Library/Frameworks/ApplicationServices.framework/Versions/A/Frameworks/HIServices.framework/Versions/A/HIServices
0x0000000012f1d000 	/System/Library/Frameworks/ApplicationServices.framework/Versions/A/Frameworks/LangAnalysis.framework/Versions/A/LangAnalysis
0x0000000012f1d000 	/System/Library/Frameworks/ApplicationServices.framework/Versions/A/Frameworks/PrintCore.framework/Versions/A/PrintCore
0x0000000012f1d000 	/System/Library/Frameworks/ApplicationServices.framework/Versions/A/Frameworks/QD.framework/Versions/A/QD
0x0000000012f1d000 	/System/Library/Frameworks/ApplicationServices.framework/Versions/A/Frameworks/SpeechSynthesis.framework/Versions/A/SpeechSynthesis
0x0000000012f1d000 	/System/Library/Frameworks/CoreDisplay.framework/Versions/A/CoreDisplay
0x0000000012f1d000 	/System/Library/Frameworks/Accelerate.framework/Versions/A/Frameworks/vImage.framework/Versions/A/vImage
0x0000000012f1d000 	/System/Library/Frameworks/Accelerate.framework/Versions/A/Frameworks/vecLib.framework/Versions/A/vecLib
0x0000000012f1d000 	/System/Library/Frameworks/Accelerate.framework/Versions/A/Frameworks/vecLib.framework/Versions/A/libvDSP.dylib
0x0000000012f1d000 	/System/Library/Frameworks/Accelerate.framework/Versions/A/Frameworks/vecLib.framework/Versions/A/libBNNS.dylib
0x0000000012f1d000 	/System/Library/Frameworks/Accelerate.framework/Versions/A/Frameworks/vecLib.framework/Versions/A/libQuadrature.dylib
0x0000000012f1d000 	/System/Library/Frameworks/Accelerate.framework/Versions/A/Frameworks/vecLib.framework/Versions/A/libvMisc.dylib
0x0000000012f1d000 	/System/Library/Frameworks/Accelerate.framework/Versions/A/Frameworks/vecLib.framework/Versions/A/libLAPACK.dylib
0x0000000012f1d000 	/System/Library/Frameworks/Accelerate.framework/Versions/A/Frameworks/vecLib.framework/Versions/A/libBLAS.dylib
0x0000000012f1d000 	/System/Library/Frameworks/Accelerate.framework/Versions/A/Frameworks/vecLib.framework/Versions/A/libLinearAlgebra.dylib
0x0000000012f1d000 	/System/Library/Frameworks/Accelerate.framework/Versions/A/Frameworks/vecLib.framework/Versions/A/libSparse.dylib
0x0000000012f1d000 	/System/Library/Frameworks/Accelerate.framework/Versions/A/Frameworks/vecLib.framework/Versions/A/libSparseBLAS.dylib
0x0000000012f1d000 	/System/Library/PrivateFrameworks/GPUWrangler.framework/Versions/A/GPUWrangler
0x0000000012f1d000 	/System/Library/PrivateFrameworks/IOAccelerator.framework/Versions/A/IOAccelerator
0x0000000012f1d000 	/System/Library/PrivateFrameworks/IOPresentment.framework/Versions/A/IOPresentment
0x0000000012f1d000 	/System/Library/PrivateFrameworks/DSExternalDisplay.framework/Versions/A/DSExternalDisplay
0x0000000012f1d000 	/System/Library/Frameworks/OpenGL.framework/Versions/A/Libraries/libCoreFSCache.dylib
0x0000000012f1d000 	/System/Library/Frameworks/CoreVideo.framework/Versions/A/CoreVideo
0x0000000012f1d000 	/System/Library/PrivateFrameworks/GraphVisualizer.framework/Versions/A/GraphVisualizer
0x0000000012f1d000 	/System/Library/Frameworks/MetalPerformanceShaders.framework/Versions/A/MetalPerformanceShaders
0x0000000012f1d000 	/usr/lib/libFosl_dynamic.dylib
0x0000000012f1d000 	/System/Library/PrivateFrameworks/FaceCore.framework/Versions/A/FaceCore
0x0000000012f1d000 	/System/Library/Frameworks/OpenCL.framework/Versions/A/OpenCL
0x0000000012f1d000 	/usr/lib/libcompression.dylib
0x0000000012f1d000 	/System/Library/Frameworks/ApplicationServices.framework/Versions/A/Frameworks/ATS.framework/Versions/A/Resources/libFontParser.dylib
0x0000000012f1d000 	/System/Library/Frameworks/ApplicationServices.framework/Versions/A/Frameworks/ATS.framework/Versions/A/Resources/libFontRegistry.dylib
0x0000000012f1d000 	/System/Library/Frameworks/ImageIO.framework/Versions/A/Resources/libJPEG.dylib
0x0000000012f1d000 	/System/Library/Frameworks/ImageIO.framework/Versions/A/Resources/libTIFF.dylib
0x0000000012f1d000 	/System/Library/Frameworks/ImageIO.framework/Versions/A/Resources/libPng.dylib
0x0000000012f1d000 	/System/Library/Frameworks/ImageIO.framework/Versions/A/Resources/libGIF.dylib
0x0000000012f1d000 	/System/Library/Frameworks/ImageIO.framework/Versions/A/Resources/libJP2.dylib
0x0000000012f1d000 	/System/Library/Frameworks/ImageIO.framework/Versions/A/Resources/libRadiance.dylib
0x0000000012f1d000 	/System/Library/PrivateFrameworks/AppleJPEG.framework/Versions/A/AppleJPEG
0x0000000012f1d000 	/System/Library/Frameworks/MetalPerformanceShaders.framework/Frameworks/MPSCore.framework/Versions/A/MPSCore
0x0000000012f1d000 	/System/Library/Frameworks/MetalPerformanceShaders.framework/Frameworks/MPSImage.framework/Versions/A/MPSImage
0x0000000012f1d000 	/System/Library/Frameworks/MetalPerformanceShaders.framework/Frameworks/MPSNeuralNetwork.framework/Versions/A/MPSNeuralNetwork
0x0000000012f1d000 	/System/Library/Frameworks/MetalPerformanceShaders.framework/Frameworks/MPSMatrix.framework/Versions/A/MPSMatrix
0x0000000012f1d000 	/System/Library/PrivateFrameworks/MetalTools.framework/Versions/A/MetalTools
0x0000000012f1d000 	/System/Library/Frameworks/OpenGL.framework/Versions/A/Libraries/libGLU.dylib
0x0000000012f1d000 	/System/Library/Frameworks/OpenGL.framework/Versions/A/Libraries/libGFXShared.dylib
0x0000000012f1d000 	/System/Library/Frameworks/OpenGL.framework/Versions/A/Libraries/libGL.dylib
0x0000000012f1d000 	/System/Library/Frameworks/OpenGL.framework/Versions/A/Libraries/libGLImage.dylib
0x0000000012f1d000 	/System/Library/Frameworks/OpenGL.framework/Versions/A/Libraries/libCVMSPluginSupport.dylib
0x0000000012f1d000 	/System/Library/Frameworks/OpenGL.framework/Versions/A/Libraries/libCoreVMClient.dylib
0x0000000012f1d000 	/usr/lib/libcups.2.dylib
0x0000000012f1d000 	/System/Library/Frameworks/Kerberos.framework/Versions/A/Kerberos
0x0000000012f1d000 	/System/Library/Frameworks/GSS.framework/Versions/A/GSS
0x0000000012f1d000 	/usr/lib/libresolv.9.dylib
0x0000000012f1d000 	/usr/lib/libiconv.2.dylib
0x0000000012f1d000 	/System/Library/PrivateFrameworks/Heimdal.framework/Versions/A/Heimdal
0x0000000012f1d000 	/usr/lib/libheimdal-asn1.dylib
0x0000000012f1d000 	/System/Library/Frameworks/OpenDirectory.framework/Versions/A/OpenDirectory
0x0000000012f1d000 	/System/Library/PrivateFrameworks/CommonAuth.framework/Versions/A/CommonAuth
0x0000000012f1d000 	/System/Library/Frameworks/OpenDirectory.framework/Versions/A/Frameworks/CFOpenDirectory.framework/Versions/A/CFOpenDirectory
0x0000000012f1d000 	/System/Library/Frameworks/SecurityFoundation.framework/Versions/A/SecurityFoundation
0x0000000012f1d000 	/System/Library/PrivateFrameworks/APFS.framework/Versions/A/APFS
0x0000000012f1d000 	/usr/lib/libutil.dylib
0x0000000012f1d000 	/System/Library/PrivateFrameworks/AppleSauce.framework/Versions/A/AppleSauce
0x0000000012f1d000 	/System/Library/PrivateFrameworks/LinguisticData.framework/Versions/A/LinguisticData
0x0000000012f1d000 	/usr/lib/libmarisa.dylib
0x0000000012f1d000 	/System/Library/PrivateFrameworks/Lexicon.framework/Versions/A/Lexicon
0x0000000012f1d000 	/usr/lib/libChineseTokenizer.dylib
0x0000000012f1d000 	/usr/lib/libcmph.dylib
0x0000000012f1d000 	/System/Library/PrivateFrameworks/LanguageModeling.framework/Versions/A/LanguageModeling
0x0000000012f1d000 	/System/Library/PrivateFrameworks/CoreEmoji.framework/Versions/A/CoreEmoji
0x0000000012f1d000 	/System/Library/Frameworks/ServiceManagement.framework/Versions/A/ServiceManagement
0x0000000012f1d000 	/System/Library/PrivateFrameworks/BackgroundTaskManagement.framework/Versions/A/BackgroundTaskManagement
0x0000000012f1d000 	/usr/lib/libxslt.1.dylib
0x0000000012f1d000 	/System/Library/Frameworks/Carbon.framework/Versions/A/Frameworks/Ink.framework/Versions/A/Ink
0x0000000012f1d000 	/System/Library/PrivateFrameworks/TextureIO.framework/Versions/A/TextureIO
0x0000000012f1d000 	/usr/lib/libate.dylib
0x0000000012f1d000 	/System/Library/PrivateFrameworks/CrashReporterSupport.framework/Versions/A/CrashReporterSupport
0x0000000012f1d000 	/System/Library/PrivateFrameworks/Sharing.framework/Versions/A/Sharing
0x0000000012f1d000 	/System/Library/PrivateFrameworks/IconServices.framework/Versions/A/IconServices
0x0000000012f1d000 	/System/Library/PrivateFrameworks/Apple80211.framework/Versions/A/Apple80211
0x0000000012f1d000 	/System/Library/PrivateFrameworks/CoreUtils.framework/Versions/A/CoreUtils
0x0000000012f1d000 	/System/Library/Frameworks/CoreWLAN.framework/Versions/A/CoreWLAN
0x0000000012f1d000 	/System/Library/Frameworks/IOBluetooth.framework/Versions/A/IOBluetooth
0x0000000012f1d000 	/System/Library/PrivateFrameworks/ProtocolBuffer.framework/Versions/A/ProtocolBuffer
0x0000000012f1d000 	/System/Library/PrivateFrameworks/CoreWiFi.framework/Versions/A/CoreWiFi
0x0000000012f1d000 	/System/Library/Frameworks/CoreBluetooth.framework/Versions/A/CoreBluetooth
0x0000000012f1d000 	/System/Library/PrivateFrameworks/DebugSymbols.framework/Versions/A/DebugSymbols
0x0000000012f1d000 	/System/Library/PrivateFrameworks/CoreSymbolication.framework/Versions/A/CoreSymbolication
0x0000000012f1d000 	/System/Library/PrivateFrameworks/Symbolication.framework/Versions/A/Symbolication
0x0000000012f1d000 	/System/Library/PrivateFrameworks/AppleFSCompression.framework/Versions/A/AppleFSCompression
0x0000000012f1d000 	/System/Library/PrivateFrameworks/SpeechRecognitionCore.framework/Versions/A/SpeechRecognitionCore
0x000000010d95b000 	/Applications/Greenfoot.app/Contents/JDK/Home/jre/lib/server/libjvm.dylib
0x0000000012f1d000 	/usr/lib/libstdc++.6.0.9.dylib
0x000000010c87a000 	/Applications/Greenfoot.app/Contents/JDK/Home/jre/lib/libverify.dylib
0x000000010c888000 	/Applications/Greenfoot.app/Contents/JDK/Home/jre/lib/libjava.dylib
0x000000010c8be000 	/Applications/Greenfoot.app/Contents/JDK/Home/jre/lib/libjdwp.dylib
0x000000010c909000 	/Applications/Greenfoot.app/Contents/JDK/Home/jre/lib/libnpt.dylib
0x000000010c956000 	/Applications/Greenfoot.app/Contents/JDK/Home/jre/lib/libzip.dylib
0x0000000012f1d000 	/System/Library/Frameworks/JavaVM.framework/Versions/A/Frameworks/JavaRuntimeSupport.framework/Versions/A/JavaRuntimeSupport
0x0000000012f1d000 	/System/Library/Frameworks/JavaVM.framework/Versions/A/Frameworks/JavaNativeFoundation.framework/Versions/A/JavaNativeFoundation
0x0000000012f1d000 	/System/Library/Frameworks/JavaVM.framework/Versions/A/JavaVM
0x0000000012f1d000 	/System/Library/Frameworks/Carbon.framework/Versions/A/Carbon
0x0000000012f1d000 	/System/Library/PrivateFrameworks/JavaLaunching.framework/Versions/A/JavaLaunching
0x0000000012f1d000 	/System/Library/Frameworks/Carbon.framework/Versions/A/Frameworks/CommonPanels.framework/Versions/A/CommonPanels
0x0000000012f1d000 	/System/Library/Frameworks/Carbon.framework/Versions/A/Frameworks/Help.framework/Versions/A/Help
0x0000000012f1d000 	/System/Library/Frameworks/Carbon.framework/Versions/A/Frameworks/ImageCapture.framework/Versions/A/ImageCapture
0x0000000012f1d000 	/System/Library/Frameworks/Carbon.framework/Versions/A/Frameworks/OpenScripting.framework/Versions/A/OpenScripting
0x0000000012f1d000 	/System/Library/Frameworks/Carbon.framework/Versions/A/Frameworks/Print.framework/Versions/A/Print
0x0000000012f1d000 	/System/Library/Frameworks/Carbon.framework/Versions/A/Frameworks/SecurityHI.framework/Versions/A/SecurityHI
0x000000010d8b6000 	/Applications/Greenfoot.app/Contents/JDK/Home/jre/lib/libdt_socket.dylib
0x0000000129fd3000 	/Applications/Greenfoot.app/Contents/JDK/Home/jre/lib/libawt.dylib
0x000000012a07b000 	/Applications/Greenfoot.app/Contents/JDK/Home/jre/lib/./libmlib_image.dylib
0x000000012a147000 	/Applications/Greenfoot.app/Contents/JDK/Home/jre/lib/libawt_lwawt.dylib
0x000000012a1fc000 	/Applications/Greenfoot.app/Contents/JDK/Home/jre/lib/./libosxapp.dylib
0x0000000012f1d000 	/System/Library/Frameworks/ExceptionHandling.framework/Versions/A/ExceptionHandling
0x0000000012f1d000 	/System/Library/PrivateFrameworks/CoreServicesInternal.framework/Versions/A/CoreServicesInternal
0x0000000012f1d000 	/System/Library/CoreServices/RawCamera.bundle/Contents/MacOS/RawCamera
0x0000000012f1d000 	/System/Library/PrivateFrameworks/MobileAsset.framework/Versions/A/MobileAsset
0x0000000012f1d000 	/System/Library/PrivateFrameworks/StreamingZip.framework/Versions/A/StreamingZip
0x0000000012f1d000 	/System/Library/Frameworks/MediaToolbox.framework/Versions/A/MediaToolbox
0x0000000012f1d000 	/System/Library/PrivateFrameworks/CoreAVCHD.framework/Versions/A/CoreAVCHD
0x0000000012f1d000 	/System/Library/Frameworks/MediaAccessibility.framework/Versions/A/MediaAccessibility
0x0000000012f1d000 	/System/Library/PrivateFrameworks/Mangrove.framework/Versions/A/Mangrove
0x0000000012f1d000 	/System/Library/Frameworks/CoreMedia.framework/Versions/A/CoreMedia
0x0000000012f1d000 	/System/Library/Frameworks/VideoToolbox.framework/Versions/A/VideoToolbox
0x0000000012f1d000 	/System/Library/PrivateFrameworks/CoreAUC.framework/Versions/A/CoreAUC
0x0000000012f1d000 	/usr/lib/libspindump.dylib
0x0000000012f1d000 	/System/Library/PrivateFrameworks/AppleVA.framework/Versions/A/AppleVA
0x0000000012f1d000 	/System/Library/Frameworks/Accelerate.framework/Versions/A/Frameworks/vImage.framework/Versions/A/Libraries/libCGInterfaces.dylib
0x0000000012f1d000 	/System/Library/Frameworks/ApplicationServices.framework/Versions/A/Frameworks/ATS.framework/Versions/A/Resources/libTrueTypeScaler.dylib
0x0000000012f1d000 	/System/Library/Extensions/AppleIntelHD5000GraphicsMTLDriver.bundle/Contents/MacOS/AppleIntelHD5000GraphicsMTLDriver
0x0000000012f1d000 	/System/Library/PrivateFrameworks/GPUCompiler.framework/Versions/3802/Libraries/libmetal_timestamp.dylib
0x0000000012f1d000 	/System/Library/PrivateFrameworks/FamilyControls.framework/Versions/A/FamilyControls
0x0000000012f1d000 	/System/Library/PrivateFrameworks/CommerceKit.framework/Versions/A/Frameworks/CommerceCore.framework/Versions/A/CommerceCore
0x0000000012f1d000 	/System/Library/PrivateFrameworks/SystemAdministration.framework/Versions/A/SystemAdministration
0x0000000012f1d000 	/System/Library/PrivateFrameworks/AppContainer.framework/Versions/A/AppContainer
0x0000000012f1d000 	/System/Library/PrivateFrameworks/SecCodeWrapper.framework/Versions/A/SecCodeWrapper
0x0000000012f1d000 	/System/Library/PrivateFrameworks/DiskManagement.framework/Versions/A/DiskManagement
0x0000000012f1d000 	/System/Library/Frameworks/DirectoryService.framework/Versions/A/DirectoryService
0x0000000012f1d000 	/System/Library/PrivateFrameworks/DiskImages.framework/Versions/A/DiskImages
0x0000000012f1d000 	/System/Library/PrivateFrameworks/LoginUIKit.framework/Versions/A/Frameworks/LoginUICore.framework/Versions/A/LoginUICore
0x0000000012f1d000 	/usr/lib/libCoreStorage.dylib
0x0000000012f1d000 	/usr/lib/libcsfde.dylib
0x0000000012f1d000 	/usr/lib/libodfde.dylib
0x0000000012f1d000 	/System/Library/PrivateFrameworks/MediaKit.framework/Versions/A/MediaKit
0x0000000012f1d000 	/System/Library/Frameworks/DiscRecording.framework/Versions/A/DiscRecording
0x0000000012f1d000 	/System/Library/PrivateFrameworks/EFILogin.framework/Versions/A/EFILogin
0x0000000012f1d000 	/System/Library/PrivateFrameworks/ProtectedCloudStorage.framework/Versions/A/ProtectedCloudStorage
0x0000000012f1d000 	/usr/lib/libcurl.4.dylib
0x0000000012f1d000 	/usr/lib/libcrypto.35.dylib
0x0000000012f1d000 	/usr/lib/libssl.35.dylib
0x0000000012f1d000 	/System/Library/Frameworks/LDAP.framework/Versions/A/LDAP
0x0000000012f1d000 	/System/Library/PrivateFrameworks/TrustEvaluationAgent.framework/Versions/A/TrustEvaluationAgent
0x0000000012f1d000 	/usr/lib/libsasl2.2.dylib
0x0000000012f1d000 	/System/Library/PrivateFrameworks/CoreDaemon.framework/Versions/B/CoreDaemon
0x0000000012f1d000 	/System/Library/PrivateFrameworks/AppleSRP.framework/Versions/A/AppleSRP
0x000000012c2e1000 	/Applications/Greenfoot.app/Contents/JDK/Home/jre/lib/libfontmanager.dylib
0x000000012c3aa000 	/Applications/Greenfoot.app/Contents/JDK/Home/jre/lib/libnet.dylib
0x0000000012f1d000 	/System/Library/Frameworks/OpenGL.framework/Versions/A/Resources/GLEngine.bundle/GLEngine
0x0000000012f1d000 	/System/Library/Frameworks/OpenGL.framework/Versions/A/Libraries/libGLProgrammability.dylib
0x000000012c4d3000 	/System/Library/Extensions/AppleIntelHD5000GraphicsGLDriver.bundle/Contents/MacOS/AppleIntelHD5000GraphicsGLDriver
0x0000000012f1d000 	/System/Library/PrivateFrameworks/GPUSupport.framework/Versions/A/Libraries/libGPUSupportMercury.dylib
0x0000000012f1d000 	/System/Library/Frameworks/OpenGL.framework/Versions/A/Resources/GLRendererFloat.bundle/GLRendererFloat
0x0000000012f1d000 	/System/Library/Frameworks/OpenCL.framework/Versions/A/Libraries/libcldcpuengine.dylib
0x000000012d747000 	/Applications/Greenfoot.app/Contents/JDK/Home/jre/lib/libnio.dylib
0x000000012d757000 	/Applications/Greenfoot.app/Contents/JDK/Home/jre/lib/libprism_es2.dylib
0x000000012dd92000 	/Applications/Greenfoot.app/Contents/JDK/Home/jre/lib/libglass.dylib
0x000000012ede8000 	/Applications/Greenfoot.app/Contents/JDK/Home/jre/lib/libosxui.dylib
0x0000000161188000 	/Applications/Greenfoot.app/Contents/JDK/Home/jre/lib/libjpeg.dylib
0x00000001611b5000 	/Applications/Greenfoot.app/Contents/JDK/Home/jre/lib/liblcms.dylib
0x000000015e2e9000 	/Applications/Greenfoot.app/Contents/JDK/Home/jre/lib/libdcpr.dylib
0x0000000012f1d000 	/System/Library/PrivateFrameworks/ViewBridge.framework/Versions/A/ViewBridge
0x0000000012f1d000 	/System/Library/PrivateFrameworks/login.framework/Versions/A/login
0x0000000012f1d000 	/System/Library/PrivateFrameworks/CloudDocs.framework/Versions/A/CloudDocs
0x0000000012f1d000 	/System/Library/PrivateFrameworks/FileProvider.framework/Versions/A/FileProvider
0x0000000012f1d000 	/System/Library/PrivateFrameworks/SpotlightIndex.framework/Versions/A/SpotlightIndex
0x0000000012f1d000 	/System/Library/PrivateFrameworks/SymptomDiagnosticReporter.framework/Versions/A/SymptomDiagnosticReporter
0x0000000012f1d000 	/System/Library/PrivateFrameworks/GenerationalStorage.framework/Versions/A/GenerationalStorage
0x0000000012f1d000 	/System/Library/PrivateFrameworks/ChunkingLibrary.framework/Versions/A/ChunkingLibrary
0x0000000012f1d000 	/System/Library/PrivateFrameworks/CoreNLP.framework/Versions/A/CoreNLP
0x0000000012f1d000 	/usr/lib/libmecab.1.0.0.dylib
0x0000000012f1d000 	/usr/lib/libgermantok.dylib
0x0000000012f1d000 	/usr/lib/libThaiTokenizer.dylib
0x0000000012f1d000 	/System/Library/Frameworks/CloudKit.framework/Versions/A/CloudKit
0x0000000012f1d000 	/System/Library/Frameworks/CoreLocation.framework/Versions/A/CoreLocation
0x0000000012f1d000 	/System/Library/PrivateFrameworks/GeoServices.framework/Versions/A/GeoServices

VM Arguments:
jvm_args: -Dawt.useSystemAAFontSettings=on -XX:MaxGCPauseMillis=50 -agentlib:jdwp=transport=dt_socket,address=127.0.0.1:62834 -Dfile.encoding=UTF-8 
java_command: bluej.runtime.ExecServer UTF-8
java_class_path (initial): /Applications/Greenfoot.app/Contents/Resources/Java/extensions/greenfoot.jar:/Applications/Greenfoot.app/Contents/Resources/Java/bluejcore.jar:/Applications/Greenfoot.app/Contents/Resources/Java/bluejeditor.jar:/Applications/Greenfoot.app/Contents/Resources/Java/bluejext.jar:/Applications/Greenfoot.app/Contents/Resources/Java/AppleJavaExtensions.jar:/Applications/Greenfoot.app/Contents/Resources/Java/junit-4.11.jar:/Applications/Greenfoot.app/Contents/Resources/Java/hamcrest-core-1.3.jar:/Applications/Greenfoot.app/Contents/Resources/Java/bluej.jar:/Applications/Greenfoot.app/Contents/Resources/Java/diffutils-1.2.1.jar:/Applications/Greenfoot.app/Contents/Resources/Java/commons-httpclient-3.1.jar:/Applications/Greenfoot.app/Contents/Resources/Java/commons-logging-api-1.1.2.jar:/Applications/Greenfoot.app/Contents/Resources/Java/commons-codec-1.3.jar:/Applications/Greenfoot.app/Contents/Resources/Java/jl1.0.1.jar:/Applications/Greenfoot.app/Contents/Resources/Java/opencsv-2.3.jar:/Applications/Greenfoot.app/Contents/Resources/Java/xom-1.2.9.jar:/Applications/Greenfoot.app/Contents/Resources/Java/lang-stride.jar:/Applications/Greenfoot.app/Contents/Resources/Java/guava-17.0.jar:/Applications/Greenfoot.app/Contents/Resources/Java/javassist-3.18.0.jar:/Applications/Greenfoot.app/Contents/Resources/Java/commons-vfs2-2.0.jar:/Applications/Greenfoot.app/Contents/Resources/Java/httpclient-4.1.1.jar:/Applications/Greenfoot.app/Contents/Resources/Java/httpcore-4.1.jar:/Applications/Greenfoot.app/Contents/Resources/Java/httpmime-4.1.1.jar
Launcher Type: SUN_STANDARD

Environment Variables:
PATH=/usr/bin:/bin:/usr/sbin:/sbin
SHELL=/bin/bash

Signal Handlers:
SIGSEGV: [libjvm.dylib+0x5b03ed], sa_mask[0]=11111111011111110111111111111111, sa_flags=SA_ONSTACK|SA_RESTART|SA_SIGINFO
SIGBUS: [libjvm.dylib+0x5b03ed], sa_mask[0]=11111111011111110111111111111111, sa_flags=SA_RESTART|SA_SIGINFO
SIGFPE: [libjvm.dylib+0x48711c], sa_mask[0]=11111111011111110111111111111111, sa_flags=SA_RESTART|SA_SIGINFO
SIGPIPE: [libjvm.dylib+0x48711c], sa_mask[0]=11111111011111110111111111111111, sa_flags=SA_RESTART|SA_SIGINFO
SIGXFSZ: [libjvm.dylib+0x48711c], sa_mask[0]=11111111011111110111111111111111, sa_flags=SA_RESTART|SA_SIGINFO
SIGILL: [libjvm.dylib+0x48711c], sa_mask[0]=11111111011111110111111111111111, sa_flags=SA_RESTART|SA_SIGINFO
SIGUSR1: SIG_DFL, sa_mask[0]=00000000000000000000000000000000, sa_flags=none
SIGUSR2: [libjvm.dylib+0x486c3a], sa_mask[0]=00100000000000000000000000000000, sa_flags=SA_RESTART|SA_SIGINFO
SIGHUP: [libjvm.dylib+0x485211], sa_mask[0]=11111111011111110111111111111111, sa_flags=SA_RESTART|SA_SIGINFO
SIGINT: [libjvm.dylib+0x485211], sa_mask[0]=11111111011111110111111111111111, sa_flags=SA_RESTART|SA_SIGINFO
SIGTERM: [libjvm.dylib+0x485211], sa_mask[0]=11111111011111110111111111111111, sa_flags=SA_RESTART|SA_SIGINFO
SIGQUIT: [libjvm.dylib+0x485211], sa_mask[0]=11111111011111110111111111111111, sa_flags=SA_RESTART|SA_SIGINFO


---------------  S Y S T E M  ---------------

OS:Bsduname:Darwin 17.5.0 Darwin Kernel Version 17.5.0: Mon Mar  5 22:24:32 PST 2018; root:xnu-4570.51.1~1/RELEASE_X86_64 x86_64
rlimit: STACK 8192k, CORE 0k, NPROC 1418, NOFILE 12544, AS infinity
load average:2.62 2.90 3.10

CPU:total 4 (2 cores per cpu, 2 threads per core) family 6 model 69 stepping 1, cmov, cx8, fxsr, mmx, sse, sse2, sse3, ssse3, sse4.1, sse4.2, popcnt, avx, avx2, aes, clmul, erms, lzcnt, ht, tsc, tscinvbit, bmi1, bmi2

Memory: 4k page, physical 16777216k(3405000k free)

/proc/meminfo:


vm_info: Java HotSpot(TM) 64-Bit Server VM (25.111-b14) for bsd-amd64 JRE (1.8.0_111-b14), built on Sep 22 2016 15:31:41 by "java_re" with gcc 4.2.1 (Based on Apple Inc. build 5658) (LLVM build 2336.11.00)

time: Wed May  2 10:23:37 2018
elapsed time: 10630 seconds (0d 2h 57m 10s)

